<?xml version="1.0" encoding="UTF-8"?>
<!-- Generated by org.testng.reporters.JUnitReportReporter -->
<testsuite hostname="LAPTOP-IKS9SD1L" failures="0" tests="1" name="TestNGPrograms.ReadExcelTest" time="4.254" errors="0" timestamp="2023-03-18T07:55:33 IST" skipped="0">
  <testcase classname="TestNGPrograms.ReadExcelTest" name="ReadExcel" time="4.254"/>
  <system-out/>
</testsuite> <!-- TestNGPrograms.ReadExcelTest -->
