<?xml version="1.0" encoding="UTF-8"?>
<!-- Generated by org.testng.reporters.JUnitReportReporter -->
<testsuite hostname="LAPTOP-IKS9SD1L" failures="0" tests="3" name="TestNGPrograms.AnnotationTest" time="12.192" errors="0" timestamp="2023-03-18T07:54:47 IST" skipped="0">
  <testcase classname="TestNGPrograms.AnnotationTest" name="login" time="11.724"/>
  <system-out/>
  <testcase classname="TestNGPrograms.AnnotationTest" name="Home" time="0.136"/>
  <system-out/>
  <testcase classname="TestNGPrograms.AnnotationTest" name="logout" time="0.332"/>
  <system-out/>
</testsuite> <!-- TestNGPrograms.AnnotationTest -->
